<?xml version="1.0" encoding="UTF-8"?>
<testng-results ignored="0" total="1" passed="1" failed="0" skipped="0">
  <reporter-output>
  </reporter-output>
  <suite started-at="2022-03-28T13:25:20 IST" name="Default suite" finished-at="2022-03-28T13:25:35 IST" duration-ms="14245">
    <groups>
    </groups>
    <test started-at="2022-03-28T13:25:20 IST" name="Default test" finished-at="2022-03-28T13:25:35 IST" duration-ms="14245">
      <class name="pom.TestCase1">
        <test-method is-config="true" signature="openAppln()[pri:0, instance:pom.TestCase1@e7edb54]" started-at="2022-03-28T13:25:20 IST" name="openAppln" finished-at="2022-03-28T13:25:32 IST" duration-ms="11170" status="PASS">
          <reporter-output>
          </reporter-output>
        </test-method> <!-- openAppln -->
        <test-method signature="test()[pri:0, instance:pom.TestCase1@e7edb54]" started-at="2022-03-28T13:25:32 IST" name="test" finished-at="2022-03-28T13:25:32 IST" duration-ms="331" status="PASS">
          <reporter-output>
          </reporter-output>
        </test-method> <!-- test -->
        <test-method is-config="true" signature="closeAppln()[pri:0, instance:pom.TestCase1@e7edb54]" started-at="2022-03-28T13:25:32 IST" name="closeAppln" finished-at="2022-03-28T13:25:35 IST" duration-ms="2707" status="PASS">
          <reporter-output>
          </reporter-output>
        </test-method> <!-- closeAppln -->
      </class> <!-- pom.TestCase1 -->
    </test> <!-- Default test -->
  </suite> <!-- Default suite -->
</testng-results>
